<?xml version="1.0" ?>
<!DOCTYPE coverage SYSTEM "http://cobertura.sourceforge.net/xml/coverage-04.dtd">
<coverage line-rate="1.0" branch-rate="1.0" lines-covered="1" lines-valid="1" branches-covered="1" branches-valid="1" complexity="0" version="1.0" timestamp="1">
  <sources><source>.</source></sources>
  <packages><package name="p" line-rate="1" branch-rate="1" complexity="0"><classes>
  <class name="m" filename="mod.py" line-rate="1" branch-rate="1" complexity="0">
    <methods><method name="foo" signature="()" line-rate="1" branch-rate="1"><lines>
      <line number="1" hits="3" branch="false"/>
    </lines></method></methods>
    <lines>
      <line number="1" hits="3" branch="true" condition-coverage="50% (1/2)"><conditions>
        <condition number="0" type="jump" coverage="50%"/>
      </conditions></line>
      <line number="2" hits="1" branch="false"/>
    </lines>
  </class></classes></package></packages></coverage>
