<?xml version="1.0" ?>
<coverage version="7.0" timestamp="1" lines-valid="1" lines-covered="1" line-rate="1" branches-valid="0" branches-covered="0" branch-rate="1" complexity="0">
  <sources><source>/work</source></sources>
  <packages>
    <package name="." line-rate="1" branch-rate="1" complexity="0">
      <classes>
        <class name="t" filename="t.py" line-rate="1" branch-rate="1" complexity="0">
          <methods/>
          <lines><line number="1" hits="1"/></lines>
        </class>
      </classes>
    </package>
  </packages>
</coverage>
